<?xml version="1.0" encoding="UTF-8"?>
<!-- Generated by org.testng.reporters.JUnitReportReporter -->
<testsuite hostname="DESKTOP-R1NCR26" failures="0" tests="1" name="com.qa.tests.PostAPITest" time="3.486" errors="0" timestamp="2022-07-24T06:38:37 GMT-05:00" skipped="0">
  <testcase classname="com.qa.tests.PostAPITest" name="postAPITest" time="3.486"/>
  <system-out/>
</testsuite> <!-- com.qa.tests.PostAPITest -->
