<?xml version="1.0" encoding="UTF-8"?>
<!-- Generated by org.testng.reporters.JUnitReportReporter -->
<testsuite hostname="DESKTOP-R1NCR26" failures="0" tests="1" name="com.qa.tests.GetAPITest" time="3.011" errors="0" timestamp="2022-07-22T04:32:40 GMT-05:00" skipped="0">
  <testcase classname="com.qa.tests.GetAPITest" name="getAPITest" time="3.011"/>
  <system-out/>
</testsuite> <!-- com.qa.tests.GetAPITest -->
